Drill report for Smart Power Management Board..kicad_pcb
Created on 2026-05-10T02:07:03

Copper Layer Stackup:
    =============================================================
    L1 :  F.Cu                      front
    L2 :  B.Cu                      back


Drill file 'Smart Power Management Board.-PTH-drl.gbr' contains
    plated through holes:
    =============================================================
    T1  0.300mm  0.0118"  (15 holes))
    T2  0.300mm  0.0118"  (6 holes))
    T3  0.400mm  0.0157"  (5 holes))
    T4  0.750mm  0.0295"  (2 holes))
    T5  0.800mm  0.0315"  (4 holes))
    T6  1.000mm  0.0394"  (3 holes))
    T7  1.300mm  0.0512"  (4 holes))

    Total plated holes count 39


Drill file 'Smart Power Management Board.-NPTH-drl.gbr' contains
    unplated through holes:
    =============================================================
    T1  2.100mm  0.0827"  (4 holes))

    Total unplated holes count 4
